
------------------------------------------------------------
Sender: LSF System <lsfadmin@hpc.dtu.dk>
Subject: Job 27266097: <train_pothole_2.0> in cluster <dcc> Exited

Job <train_pothole_2.0> was submitted from host <n-62-12-19> by user <s253263> in cluster <dcc> at Wed Dec  3 18:26:54 2025
Job was executed on host(s) <4*n-62-18-13>, in queue <c02516>, as user <s253263> in cluster <dcc> at Wed Dec  3 18:26:54 2025
</zhome/f4/4/223279> was used as the home directory.
</zhome/f4/4/223279/Project4_IDLCV_Potholes_Detection> was used as the working directory.
Started at Wed Dec  3 18:26:54 2025
Terminated at Wed Dec  3 18:37:51 2025
Results reported at Wed Dec  3 18:37:51 2025

Your job looked like:

------------------------------------------------------------
# LSBATCH: User input
#!/bin/bash
#BSUB -q c02516
#BSUB -J train_pothole_2.0
#BSUB -gpu "num=1:mode=exclusive_process"
#BSUB -n 4
#BSUB -R "span[hosts=1]"
#BSUB -R "rusage[mem=20GB]"
#BSUB -M 20GB
#BSUB -W 04:00
#BSUB -o logs/%J.out
#BSUB -e logs/%J.err

# --- COMMANDES D'EXECUTION ---
mkdir -p logs
echo "Démarrage du job avec ID \$LSB_JOBID sur hôte \$(hostname)"

# Activation de TON environnement virtuel
source env_DL/bin/activate

echo "Lancement du script d'entraînement amélioré..."
python3 part2/train_classifier_2.0.py
------------------------------------------------------------

Exited with exit code 120.

Resource usage summary:

    CPU time :                                   2568.76 sec.
    Max Memory :                                 1352 MB
    Average Memory :                             1222.67 MB
    Total Requested Memory :                     81920.00 MB
    Delta Memory :                               80568.00 MB
    Max Swap :                                   -
    Max Processes :                              8
    Max Threads :                                24
    Run time :                                   661 sec.
    Turnaround time :                            657 sec.

The output (if any) is above this job summary.



PS:

Read file <logs/27266097.err> for stderr output of this job.

